<?xml version="1.0" encoding="UTF-8"?>
<coverage generated="1738866883915" clover="3.2.0">
  <project timestamp="1738866883915" name="All files">
    <metrics statements="151" coveredstatements="141" conditionals="33" coveredconditionals="24" methods="45" coveredmethods="38" elements="229" coveredelements="203" complexity="0" loc="151" ncloc="151" packages="4" files="14" classes="14"/>
    <package name="src">
      <metrics statements="1" coveredstatements="1" conditionals="0" coveredconditionals="0" methods="1" coveredmethods="1"/>
      <file name="App.jsx" path="C:\xampp\htdocs\MisProyectos\MesMots\Front\src\App.jsx">
        <metrics statements="1" coveredstatements="1" conditionals="0" coveredconditionals="0" methods="1" coveredmethods="1"/>
        <line num="13" count="1" type="stmt"/>
      </file>
    </package>
    <package name="src.app.ui">
      <metrics statements="123" coveredstatements="114" conditionals="26" coveredconditionals="21" methods="34" coveredmethods="28"/>
      <file name="Footer.jsx" path="C:\xampp\htdocs\MisProyectos\MesMots\Front\src\app\ui\Footer.jsx">
        <metrics statements="2" coveredstatements="2" conditionals="0" coveredconditionals="0" methods="1" coveredmethods="1"/>
        <line num="4" count="1" type="stmt"/>
        <line num="5" count="6" type="stmt"/>
      </file>
      <file name="Navbar.jsx" path="C:\xampp\htdocs\MisProyectos\MesMots\Front\src\app\ui\Navbar.jsx">
        <metrics statements="2" coveredstatements="2" conditionals="0" coveredconditionals="0" methods="1" coveredmethods="1"/>
        <line num="7" count="1" type="stmt"/>
        <line num="8" count="4" type="stmt"/>
      </file>
      <file name="ProfileForm.jsx" path="C:\xampp\htdocs\MisProyectos\MesMots\Front\src\app\ui\ProfileForm.jsx">
        <metrics statements="23" coveredstatements="23" conditionals="12" coveredconditionals="12" methods="7" coveredmethods="7"/>
        <line num="20" count="2" type="stmt"/>
        <line num="27" count="35" type="stmt"/>
        <line num="28" count="35" type="stmt"/>
        <line num="29" count="35" type="stmt"/>
        <line num="31" count="35" type="stmt"/>
        <line num="40" count="35" type="stmt"/>
        <line num="41" count="8" type="stmt"/>
        <line num="47" count="8" type="stmt"/>
        <line num="48" count="8" type="stmt"/>
        <line num="56" count="6" type="cond" truecount="2" falsecount="0"/>
        <line num="57" count="1" type="stmt"/>
        <line num="60" count="2" type="stmt"/>
        <line num="61" count="2" type="stmt"/>
        <line num="63" count="6" type="stmt"/>
        <line num="65" count="8" type="stmt"/>
        <line num="69" count="35" type="stmt"/>
        <line num="70" count="1" type="stmt"/>
        <line num="71" count="1" type="stmt"/>
        <line num="74" count="35" type="stmt"/>
        <line num="82" count="45" type="stmt"/>
        <line num="107" count="44" type="stmt"/>
        <line num="132" count="45" type="stmt"/>
        <line num="157" count="1" type="stmt"/>
      </file>
      <file name="alert-dialog.jsx" path="C:\xampp\htdocs\MisProyectos\MesMots\Front\src\app\ui\alert-dialog.jsx">
        <metrics statements="27" coveredstatements="27" conditionals="0" coveredconditionals="0" methods="8" coveredmethods="8"/>
        <line num="7" count="2" type="stmt"/>
        <line num="9" count="2" type="stmt"/>
        <line num="11" count="2" type="stmt"/>
        <line num="13" count="2" type="stmt"/>
        <line num="14" count="10" type="stmt"/>
        <line num="23" count="2" type="stmt"/>
        <line num="25" count="2" type="stmt"/>
        <line num="26" count="20" type="stmt"/>
        <line num="41" count="2" type="stmt"/>
        <line num="43" count="2" type="stmt"/>
        <line num="44" count="1" type="stmt"/>
        <line num="52" count="2" type="stmt"/>
        <line num="54" count="2" type="stmt"/>
        <line num="55" count="1" type="stmt"/>
        <line num="63" count="2" type="stmt"/>
        <line num="65" count="2" type="stmt"/>
        <line num="66" count="3" type="stmt"/>
        <line num="73" count="2" type="stmt"/>
        <line num="75" count="2" type="stmt"/>
        <line num="77" count="4" type="stmt"/>
        <line num="85" count="2" type="stmt"/>
        <line num="88" count="2" type="stmt"/>
        <line num="89" count="3" type="stmt"/>
        <line num="95" count="2" type="stmt"/>
        <line num="97" count="2" type="stmt"/>
        <line num="98" count="3" type="stmt"/>
        <line num="108" count="2" type="stmt"/>
      </file>
      <file name="breadcrumb.jsx" path="C:\xampp\htdocs\MisProyectos\MesMots\Front\src\app\ui\breadcrumb.jsx">
        <metrics statements="22" coveredstatements="16" conditionals="4" coveredconditionals="0" methods="7" coveredmethods="2"/>
        <line num="7" count="1" type="stmt"/>
        <line num="8" count="1" type="stmt"/>
        <line num="10" count="1" type="stmt"/>
        <line num="12" count="1" type="stmt"/>
        <line num="13" count="1" type="stmt"/>
        <line num="21" count="1" type="stmt"/>
        <line num="23" count="1" type="stmt"/>
        <line num="24" count="0" type="stmt"/>
        <line num="29" count="1" type="stmt"/>
        <line num="31" count="1" type="stmt"/>
        <line num="32" count="0" type="cond" truecount="0" falsecount="2"/>
        <line num="34" count="0" type="stmt"/>
        <line num="44" count="1" type="stmt"/>
        <line num="46" count="1" type="stmt"/>
        <line num="47" count="0" type="stmt"/>
        <line num="55" count="1" type="stmt"/>
        <line num="57" count="1" type="stmt"/>
        <line num="62" count="0" type="stmt"/>
        <line num="70" count="1" type="stmt"/>
        <line num="72" count="1" type="stmt"/>
        <line num="76" count="0" type="stmt"/>
        <line num="85" count="1" type="stmt"/>
      </file>
      <file name="form.jsx" path="C:\xampp\htdocs\MisProyectos\MesMots\Front\src\app\ui\form.jsx">
        <metrics statements="37" coveredstatements="34" conditionals="10" coveredconditionals="9" methods="7" coveredmethods="6"/>
        <line num="8" count="1" type="stmt"/>
        <line num="10" count="1" type="stmt"/>
        <line num="12" count="1" type="stmt"/>
        <line num="17" count="51" type="stmt"/>
        <line num="24" count="1" type="stmt"/>
        <line num="25" count="240" type="stmt"/>
        <line num="26" count="240" type="stmt"/>
        <line num="27" count="240" type="stmt"/>
        <line num="29" count="240" type="stmt"/>
        <line num="31" count="240" type="cond" truecount="1" falsecount="1"/>
        <line num="32" count="0" type="stmt"/>
        <line num="35" count="240" type="stmt"/>
        <line num="37" count="240" type="stmt"/>
        <line num="47" count="1" type="stmt"/>
        <line num="49" count="1" type="stmt"/>
        <line num="50" count="80" type="stmt"/>
        <line num="52" count="80" type="stmt"/>
        <line num="58" count="1" type="stmt"/>
        <line num="60" count="1" type="stmt"/>
        <line num="61" count="80" type="stmt"/>
        <line num="63" count="80" type="stmt"/>
        <line num="72" count="1" type="stmt"/>
        <line num="74" count="1" type="stmt"/>
        <line num="75" count="80" type="stmt"/>
        <line num="77" count="80" type="stmt"/>
        <line num="91" count="1" type="stmt"/>
        <line num="93" count="1" type="stmt"/>
        <line num="94" count="0" type="stmt"/>
        <line num="96" count="0" type="stmt"/>
        <line num="104" count="1" type="stmt"/>
        <line num="106" count="1" type="stmt"/>
        <line num="107" count="80" type="stmt"/>
        <line num="108" count="80" type="cond" truecount="2" falsecount="0"/>
        <line num="110" count="80" type="cond" truecount="2" falsecount="0"/>
        <line num="111" count="74" type="stmt"/>
        <line num="114" count="6" type="stmt"/>
        <line num="126" count="1" type="stmt"/>
      </file>
      <file name="input.jsx" path="C:\xampp\htdocs\MisProyectos\MesMots\Front\src\app\ui\input.jsx">
        <metrics statements="3" coveredstatements="3" conditionals="0" coveredconditionals="0" methods="1" coveredmethods="1"/>
        <line num="5" count="1" type="stmt"/>
        <line num="6" count="53" type="stmt"/>
        <line num="19" count="1" type="stmt"/>
      </file>
      <file name="label.jsx" path="C:\xampp\htdocs\MisProyectos\MesMots\Front\src\app\ui\label.jsx">
        <metrics statements="4" coveredstatements="4" conditionals="0" coveredconditionals="0" methods="1" coveredmethods="1"/>
        <line num="7" count="1" type="stmt"/>
        <line num="11" count="1" type="stmt"/>
        <line num="12" count="80" type="stmt"/>
        <line num="19" count="1" type="stmt"/>
      </file>
      <file name="textarea.jsx" path="C:\xampp\htdocs\MisProyectos\MesMots\Front\src\app\ui\textarea.jsx">
        <metrics statements="3" coveredstatements="3" conditionals="0" coveredconditionals="0" methods="1" coveredmethods="1"/>
        <line num="5" count="1" type="stmt"/>
        <line num="6" count="27" type="stmt"/>
        <line num="19" count="1" type="stmt"/>
      </file>
    </package>
    <package name="src.components.ui">
      <metrics statements="26" coveredstatements="25" conditionals="7" coveredconditionals="3" methods="9" coveredmethods="8"/>
      <file name="Button.jsx" path="C:\xampp\htdocs\MisProyectos\MesMots\Front\src\components\ui\Button.jsx">
        <metrics statements="5" coveredstatements="5" conditionals="3" coveredconditionals="3" methods="1" coveredmethods="1"/>
        <line num="7" count="5" type="stmt"/>
        <line num="40" count="5" type="cond" truecount="1" falsecount="0"/>
        <line num="41" count="52" type="cond" truecount="2" falsecount="0"/>
        <line num="42" count="52" type="stmt"/>
        <line num="49" count="5" type="stmt"/>
      </file>
      <file name="Card.jsx" path="C:\xampp\htdocs\MisProyectos\MesMots\Front\src\components\ui\Card.jsx">
        <metrics statements="18" coveredstatements="18" conditionals="0" coveredconditionals="0" methods="6" coveredmethods="6"/>
        <line num="4" count="2" type="stmt"/>
        <line num="6" count="2" type="stmt"/>
        <line num="16" count="2" type="stmt"/>
        <line num="18" count="2" type="stmt"/>
        <line num="20" count="2" type="stmt"/>
        <line num="27" count="2" type="stmt"/>
        <line num="29" count="2" type="stmt"/>
        <line num="31" count="1" type="stmt"/>
        <line num="41" count="2" type="stmt"/>
        <line num="43" count="2" type="stmt"/>
        <line num="45" count="1" type="stmt"/>
        <line num="52" count="2" type="stmt"/>
        <line num="54" count="2" type="stmt"/>
        <line num="56" count="2" type="stmt"/>
        <line num="59" count="2" type="stmt"/>
        <line num="61" count="2" type="stmt"/>
        <line num="63" count="2" type="stmt"/>
        <line num="70" count="2" type="stmt"/>
      </file>
      <file name="PageLayout.jsx" path="C:\xampp\htdocs\MisProyectos\MesMots\Front\src\components\ui\PageLayout.jsx">
        <metrics statements="3" coveredstatements="2" conditionals="4" coveredconditionals="0" methods="2" coveredmethods="1"/>
        <line num="4" count="1" type="stmt"/>
        <line num="5" count="1" type="stmt"/>
        <line num="11" count="0" type="stmt"/>
      </file>
    </package>
    <package name="src.lib">
      <metrics statements="1" coveredstatements="1" conditionals="0" coveredconditionals="0" methods="1" coveredmethods="1"/>
      <file name="utils.js" path="C:\xampp\htdocs\MisProyectos\MesMots\Front\src\lib\utils.js">
        <metrics statements="1" coveredstatements="1" conditionals="0" coveredconditionals="0" methods="1" coveredmethods="1"/>
        <line num="5" count="434" type="stmt"/>
      </file>
    </package>
  </project>
</coverage>
