{"C:\\xampp\\htdocs\\MisProyectos\\MesMots\\Front\\src\\App.jsx": {"path":"C:\\xampp\\htdocs\\MisProyectos\\MesMots\\Front\\src\\App.jsx","statementMap":{"0":{"start":{"line":13,"column":2},"end":{"line":30,"column":3}}},"fnMap":{"0":{"name":"App","decl":{"start":{"line":11,"column":9},"end":{"line":11,"column":12}},"loc":{"start":{"line":11,"column":15},"end":{"line":31,"column":1}},"line":11}},"branchMap":{},"s":{"0":1},"f":{"0":1},"b":{},"_coverageSchema":"1a1c01bbd47fc00a2c39e90264f33305004495a9","hash":"6d3c31e5a41a863f6a6abb770e1c33a57c4a1121"}
,"C:\\xampp\\htdocs\\MisProyectos\\MesMots\\Front\\src\\app\\ui\\ProfileForm.jsx": {"path":"C:\\xampp\\htdocs\\MisProyectos\\MesMots\\Front\\src\\app\\ui\\ProfileForm.jsx","statementMap":{"0":{"start":{"line":20,"column":19},"end":{"line":24,"column":2}},"1":{"start":{"line":27,"column":19},"end":{"line":27,"column":32}},"2":{"start":{"line":28,"column":42},"end":{"line":28,"column":57}},"3":{"start":{"line":29,"column":44},"end":{"line":29,"column":56}},"4":{"start":{"line":31,"column":15},"end":{"line":38,"column":4}},"5":{"start":{"line":40,"column":19},"end":{"line":67,"column":3}},"6":{"start":{"line":41,"column":26},"end":{"line":45,"column":5}},"7":{"start":{"line":47,"column":4},"end":{"line":66,"column":5}},"8":{"start":{"line":48,"column":23},"end":{"line":54,"column":8}},"9":{"start":{"line":56,"column":6},"end":{"line":58,"column":7}},"10":{"start":{"line":57,"column":8},"end":{"line":57,"column":49}},"11":{"start":{"line":60,"column":21},"end":{"line":60,"column":42}},"12":{"start":{"line":61,"column":6},"end":{"line":61,"column":64}},"13":{"start":{"line":63,"column":6},"end":{"line":63,"column":68}},"14":{"start":{"line":65,"column":6},"end":{"line":65,"column":28}},"15":{"start":{"line":69,"column":28},"end":{"line":72,"column":3}},"16":{"start":{"line":70,"column":4},"end":{"line":70,"column":27}},"17":{"start":{"line":71,"column":4},"end":{"line":71,"column":25}},"18":{"start":{"line":74,"column":2},"end":{"line":171,"column":4}},"19":{"start":{"line":82,"column":14},"end":{"line":98,"column":25}},"20":{"start":{"line":105,"column":14},"end":{"line":121,"column":25}},"21":{"start":{"line":128,"column":14},"end":{"line":144,"column":25}},"22":{"start":{"line":151,"column":69},"end":{"line":151,"column":81}}},"fnMap":{"0":{"name":"ProfileForm","decl":{"start":{"line":26,"column":16},"end":{"line":26,"column":27}},"loc":{"start":{"line":26,"column":30},"end":{"line":172,"column":1}},"line":26},"1":{"name":"(anonymous_1)","decl":{"start":{"line":40,"column":19},"end":{"line":40,"column":20}},"loc":{"start":{"line":40,"column":35},"end":{"line":67,"column":3}},"line":40},"2":{"name":"(anonymous_2)","decl":{"start":{"line":69,"column":28},"end":{"line":69,"column":29}},"loc":{"start":{"line":69,"column":34},"end":{"line":72,"column":3}},"line":69},"3":{"name":"(anonymous_3)","decl":{"start":{"line":81,"column":20},"end":{"line":81,"column":21}},"loc":{"start":{"line":82,"column":14},"end":{"line":98,"column":25}},"line":82},"4":{"name":"(anonymous_4)","decl":{"start":{"line":104,"column":20},"end":{"line":104,"column":21}},"loc":{"start":{"line":105,"column":14},"end":{"line":121,"column":25}},"line":105},"5":{"name":"(anonymous_5)","decl":{"start":{"line":127,"column":20},"end":{"line":127,"column":21}},"loc":{"start":{"line":128,"column":14},"end":{"line":144,"column":25}},"line":128},"6":{"name":"(anonymous_6)","decl":{"start":{"line":151,"column":63},"end":{"line":151,"column":64}},"loc":{"start":{"line":151,"column":69},"end":{"line":151,"column":81}},"line":151}},"branchMap":{"0":{"loc":{"start":{"line":56,"column":6},"end":{"line":58,"column":7}},"type":"if","locations":[{"start":{"line":56,"column":6},"end":{"line":58,"column":7}},{"start":{},"end":{}}],"line":56}},"s":{"0":1,"1":24,"2":24,"3":23,"4":23,"5":23,"6":4,"7":4,"8":4,"9":4,"10":0,"11":2,"12":2,"13":2,"14":4,"15":23,"16":0,"17":0,"18":23,"19":11,"20":11,"21":11,"22":1},"f":{"0":24,"1":4,"2":0,"3":11,"4":11,"5":11,"6":1},"b":{"0":[0,2]},"_coverageSchema":"1a1c01bbd47fc00a2c39e90264f33305004495a9","hash":"acfa769f1259eee7ea558612fa478f62ebe3fc3d"}
,"C:\\xampp\\htdocs\\MisProyectos\\MesMots\\Front\\src\\app\\ui\\alert-dialog.jsx": {"path":"C:\\xampp\\htdocs\\MisProyectos\\MesMots\\Front\\src\\app\\ui\\alert-dialog.jsx","statementMap":{"0":{"start":{"line":7,"column":20},"end":{"line":7,"column":45}},"1":{"start":{"line":9,"column":27},"end":{"line":9,"column":55}},"2":{"start":{"line":11,"column":26},"end":{"line":11,"column":53}},"3":{"start":{"line":13,"column":27},"end":{"line":21,"column":2}},"4":{"start":{"line":14,"column":2},"end":{"line":20,"column":16}},"5":{"start":{"line":22,"column":0},"end":{"line":22,"column":73}},"6":{"start":{"line":24,"column":27},"end":{"line":35,"column":2}},"7":{"start":{"line":25,"column":2},"end":{"line":34,"column":22}},"8":{"start":{"line":36,"column":0},"end":{"line":36,"column":73}},"9":{"start":{"line":38,"column":26},"end":{"line":45,"column":1}},"10":{"start":{"line":42,"column":2},"end":{"line":44,"column":17}},"11":{"start":{"line":46,"column":0},"end":{"line":46,"column":51}},"12":{"start":{"line":48,"column":26},"end":{"line":55,"column":1}},"13":{"start":{"line":52,"column":2},"end":{"line":54,"column":17}},"14":{"start":{"line":56,"column":0},"end":{"line":56,"column":51}},"15":{"start":{"line":58,"column":25},"end":{"line":60,"column":2}},"16":{"start":{"line":59,"column":2},"end":{"line":59,"column":104}},"17":{"start":{"line":61,"column":0},"end":{"line":61,"column":69}},"18":{"start":{"line":63,"column":31},"end":{"line":68,"column":2}},"19":{"start":{"line":64,"column":2},"end":{"line":67,"column":17}},"20":{"start":{"line":69,"column":0},"end":{"line":70,"column":46}},"21":{"start":{"line":72,"column":26},"end":{"line":74,"column":2}},"22":{"start":{"line":73,"column":2},"end":{"line":73,"column":98}},"23":{"start":{"line":75,"column":0},"end":{"line":75,"column":71}},"24":{"start":{"line":77,"column":26},"end":{"line":82,"column":2}},"25":{"start":{"line":78,"column":2},"end":{"line":81,"column":17}},"26":{"start":{"line":83,"column":0},"end":{"line":83,"column":71}}},"fnMap":{"0":{"name":"(anonymous_0)","decl":{"start":{"line":13,"column":44},"end":{"line":13,"column":45}},"loc":{"start":{"line":14,"column":2},"end":{"line":20,"column":16}},"line":14},"1":{"name":"(anonymous_1)","decl":{"start":{"line":24,"column":44},"end":{"line":24,"column":45}},"loc":{"start":{"line":25,"column":2},"end":{"line":34,"column":22}},"line":25},"2":{"name":"(anonymous_2)","decl":{"start":{"line":38,"column":26},"end":{"line":38,"column":27}},"loc":{"start":{"line":42,"column":2},"end":{"line":44,"column":17}},"line":42},"3":{"name":"(anonymous_3)","decl":{"start":{"line":48,"column":26},"end":{"line":48,"column":27}},"loc":{"start":{"line":52,"column":2},"end":{"line":54,"column":17}},"line":52},"4":{"name":"(anonymous_4)","decl":{"start":{"line":58,"column":42},"end":{"line":58,"column":43}},"loc":{"start":{"line":59,"column":2},"end":{"line":59,"column":104}},"line":59},"5":{"name":"(anonymous_5)","decl":{"start":{"line":63,"column":48},"end":{"line":63,"column":49}},"loc":{"start":{"line":64,"column":2},"end":{"line":67,"column":17}},"line":64},"6":{"name":"(anonymous_6)","decl":{"start":{"line":72,"column":43},"end":{"line":72,"column":44}},"loc":{"start":{"line":73,"column":2},"end":{"line":73,"column":98}},"line":73},"7":{"name":"(anonymous_7)","decl":{"start":{"line":77,"column":43},"end":{"line":77,"column":44}},"loc":{"start":{"line":78,"column":2},"end":{"line":81,"column":17}},"line":78}},"branchMap":{},"s":{"0":1,"1":1,"2":1,"3":1,"4":8,"5":1,"6":1,"7":3,"8":1,"9":1,"10":0,"11":1,"12":1,"13":0,"14":1,"15":1,"16":3,"17":1,"18":1,"19":3,"20":1,"21":1,"22":3,"23":1,"24":1,"25":3,"26":1},"f":{"0":8,"1":3,"2":0,"3":0,"4":3,"5":3,"6":3,"7":3},"b":{},"_coverageSchema":"1a1c01bbd47fc00a2c39e90264f33305004495a9","hash":"ac4148c4f0dc5e7539d25f65db54e5f87d7ab9db"}
,"C:\\xampp\\htdocs\\MisProyectos\\MesMots\\Front\\src\\app\\ui\\breadcrumb.jsx": {"path":"C:\\xampp\\htdocs\\MisProyectos\\MesMots\\Front\\src\\app\\ui\\breadcrumb.jsx","statementMap":{"0":{"start":{"line":7,"column":19},"end":{"line":9,"column":1}},"1":{"start":{"line":8,"column":25},"end":{"line":8,"column":100}},"2":{"start":{"line":10,"column":0},"end":{"line":10,"column":37}},"3":{"start":{"line":12,"column":23},"end":{"line":20,"column":2}},"4":{"start":{"line":13,"column":2},"end":{"line":19,"column":17}},"5":{"start":{"line":21,"column":0},"end":{"line":21,"column":45}},"6":{"start":{"line":23,"column":23},"end":{"line":28,"column":2}},"7":{"start":{"line":24,"column":2},"end":{"line":27,"column":17}},"8":{"start":{"line":29,"column":0},"end":{"line":29,"column":45}},"9":{"start":{"line":31,"column":23},"end":{"line":43,"column":2}},"10":{"start":{"line":32,"column":15},"end":{"line":32,"column":35}},"11":{"start":{"line":34,"column":2},"end":{"line":42,"column":4}},"12":{"start":{"line":44,"column":0},"end":{"line":44,"column":45}},"13":{"start":{"line":46,"column":23},"end":{"line":54,"column":2}},"14":{"start":{"line":47,"column":2},"end":{"line":53,"column":17}},"15":{"start":{"line":55,"column":0},"end":{"line":55,"column":45}},"16":{"start":{"line":57,"column":28},"end":{"line":69,"column":1}},"17":{"start":{"line":62,"column":2},"end":{"line":68,"column":7}},"18":{"start":{"line":70,"column":0},"end":{"line":70,"column":55}},"19":{"start":{"line":72,"column":27},"end":{"line":84,"column":1}},"20":{"start":{"line":76,"column":2},"end":{"line":83,"column":9}},"21":{"start":{"line":85,"column":0},"end":{"line":85,"column":53}}},"fnMap":{"0":{"name":"(anonymous_0)","decl":{"start":{"line":8,"column":2},"end":{"line":8,"column":3}},"loc":{"start":{"line":8,"column":25},"end":{"line":8,"column":100}},"line":8},"1":{"name":"(anonymous_1)","decl":{"start":{"line":12,"column":40},"end":{"line":12,"column":41}},"loc":{"start":{"line":13,"column":2},"end":{"line":19,"column":17}},"line":13},"2":{"name":"(anonymous_2)","decl":{"start":{"line":23,"column":40},"end":{"line":23,"column":41}},"loc":{"start":{"line":24,"column":2},"end":{"line":27,"column":17}},"line":24},"3":{"name":"(anonymous_3)","decl":{"start":{"line":31,"column":40},"end":{"line":31,"column":41}},"loc":{"start":{"line":31,"column":83},"end":{"line":43,"column":1}},"line":31},"4":{"name":"(anonymous_4)","decl":{"start":{"line":46,"column":40},"end":{"line":46,"column":41}},"loc":{"start":{"line":47,"column":2},"end":{"line":53,"column":17}},"line":47},"5":{"name":"(anonymous_5)","decl":{"start":{"line":57,"column":28},"end":{"line":57,"column":29}},"loc":{"start":{"line":62,"column":2},"end":{"line":68,"column":7}},"line":62},"6":{"name":"(anonymous_6)","decl":{"start":{"line":72,"column":27},"end":{"line":72,"column":28}},"loc":{"start":{"line":76,"column":2},"end":{"line":83,"column":9}},"line":76}},"branchMap":{"0":{"loc":{"start":{"line":32,"column":15},"end":{"line":32,"column":35}},"type":"cond-expr","locations":[{"start":{"line":32,"column":25},"end":{"line":32,"column":29}},{"start":{"line":32,"column":32},"end":{"line":32,"column":35}}],"line":32},"1":{"loc":{"start":{"line":67,"column":5},"end":{"line":67,"column":33}},"type":"binary-expr","locations":[{"start":{"line":67,"column":5},"end":{"line":67,"column":13}},{"start":{"line":67,"column":17},"end":{"line":67,"column":33}}],"line":67}},"s":{"0":1,"1":1,"2":1,"3":1,"4":1,"5":1,"6":1,"7":0,"8":1,"9":1,"10":0,"11":0,"12":1,"13":1,"14":0,"15":1,"16":1,"17":0,"18":1,"19":1,"20":0,"21":1},"f":{"0":1,"1":1,"2":0,"3":0,"4":0,"5":0,"6":0},"b":{"0":[0,0],"1":[0,0]},"_coverageSchema":"1a1c01bbd47fc00a2c39e90264f33305004495a9","hash":"a8be35bcde4070e08738c436ea965eb253994e24"}
,"C:\\xampp\\htdocs\\MisProyectos\\MesMots\\Front\\src\\components\\ui\\Button.jsx": {"path":"C:\\xampp\\htdocs\\MisProyectos\\MesMots\\Front\\src\\components\\ui\\Button.jsx","statementMap":{"0":{"start":{"line":7,"column":23},"end":{"line":38,"column":1}},"1":{"start":{"line":40,"column":15},"end":{"line":48,"column":2}},"2":{"start":{"line":41,"column":15},"end":{"line":41,"column":40}},"3":{"start":{"line":42,"column":2},"end":{"line":47,"column":4}},"4":{"start":{"line":49,"column":0},"end":{"line":49,"column":29}}},"fnMap":{"0":{"name":"(anonymous_0)","decl":{"start":{"line":40,"column":32},"end":{"line":40,"column":33}},"loc":{"start":{"line":40,"column":98},"end":{"line":48,"column":1}},"line":40}},"branchMap":{"0":{"loc":{"start":{"line":40,"column":61},"end":{"line":40,"column":76}},"type":"default-arg","locations":[{"start":{"line":40,"column":71},"end":{"line":40,"column":76}}],"line":40},"1":{"loc":{"start":{"line":41,"column":15},"end":{"line":41,"column":40}},"type":"cond-expr","locations":[{"start":{"line":41,"column":25},"end":{"line":41,"column":29}},{"start":{"line":41,"column":32},"end":{"line":41,"column":40}}],"line":41}},"s":{"0":3,"1":3,"2":9,"3":9,"4":3},"f":{"0":9},"b":{"0":[8],"1":[1,8]},"_coverageSchema":"1a1c01bbd47fc00a2c39e90264f33305004495a9","hash":"1f7a9641aa04f328c57a4926b0244d520a064a75"}
,"C:\\xampp\\htdocs\\MisProyectos\\MesMots\\Front\\src\\components\\ui\\Card.jsx": {"path":"C:\\xampp\\htdocs\\MisProyectos\\MesMots\\Front\\src\\components\\ui\\Card.jsx","statementMap":{"0":{"start":{"line":4,"column":13},"end":{"line":15,"column":1}},"1":{"start":{"line":6,"column":4},"end":{"line":13,"column":6}},"2":{"start":{"line":16,"column":0},"end":{"line":16,"column":26}},"3":{"start":{"line":18,"column":19},"end":{"line":26,"column":1}},"4":{"start":{"line":20,"column":4},"end":{"line":24,"column":6}},"5":{"start":{"line":27,"column":0},"end":{"line":27,"column":38}},"6":{"start":{"line":29,"column":18},"end":{"line":40,"column":1}},"7":{"start":{"line":31,"column":4},"end":{"line":38,"column":6}},"8":{"start":{"line":41,"column":0},"end":{"line":41,"column":36}},"9":{"start":{"line":43,"column":24},"end":{"line":51,"column":1}},"10":{"start":{"line":45,"column":4},"end":{"line":49,"column":6}},"11":{"start":{"line":52,"column":0},"end":{"line":52,"column":48}},"12":{"start":{"line":54,"column":20},"end":{"line":58,"column":1}},"13":{"start":{"line":56,"column":4},"end":{"line":56,"column":70}},"14":{"start":{"line":59,"column":0},"end":{"line":59,"column":40}},"15":{"start":{"line":61,"column":19},"end":{"line":69,"column":1}},"16":{"start":{"line":63,"column":4},"end":{"line":67,"column":6}},"17":{"start":{"line":70,"column":0},"end":{"line":70,"column":38}}},"fnMap":{"0":{"name":"(anonymous_0)","decl":{"start":{"line":5,"column":2},"end":{"line":5,"column":3}},"loc":{"start":{"line":6,"column":4},"end":{"line":13,"column":6}},"line":6},"1":{"name":"(anonymous_1)","decl":{"start":{"line":19,"column":2},"end":{"line":19,"column":3}},"loc":{"start":{"line":20,"column":4},"end":{"line":24,"column":6}},"line":20},"2":{"name":"(anonymous_2)","decl":{"start":{"line":30,"column":2},"end":{"line":30,"column":3}},"loc":{"start":{"line":31,"column":4},"end":{"line":38,"column":6}},"line":31},"3":{"name":"(anonymous_3)","decl":{"start":{"line":44,"column":2},"end":{"line":44,"column":3}},"loc":{"start":{"line":45,"column":4},"end":{"line":49,"column":6}},"line":45},"4":{"name":"(anonymous_4)","decl":{"start":{"line":55,"column":2},"end":{"line":55,"column":3}},"loc":{"start":{"line":56,"column":4},"end":{"line":56,"column":70}},"line":56},"5":{"name":"(anonymous_5)","decl":{"start":{"line":62,"column":2},"end":{"line":62,"column":3}},"loc":{"start":{"line":63,"column":4},"end":{"line":67,"column":6}},"line":63}},"branchMap":{},"s":{"0":2,"1":2,"2":2,"3":2,"4":2,"5":2,"6":2,"7":1,"8":2,"9":2,"10":1,"11":2,"12":2,"13":2,"14":2,"15":2,"16":2,"17":2},"f":{"0":2,"1":2,"2":1,"3":1,"4":2,"5":2},"b":{},"_coverageSchema":"1a1c01bbd47fc00a2c39e90264f33305004495a9","hash":"f5ac6b211703875d362dd11e6ef816cbf840749a"}
,"C:\\xampp\\htdocs\\MisProyectos\\MesMots\\Front\\src\\components\\ui\\PageLayout.jsx": {"path":"C:\\xampp\\htdocs\\MisProyectos\\MesMots\\Front\\src\\components\\ui\\PageLayout.jsx","statementMap":{"0":{"start":{"line":4,"column":19},"end":{"line":29,"column":1}},"1":{"start":{"line":5,"column":2},"end":{"line":28,"column":4}},"2":{"start":{"line":11,"column":12},"end":{"line":20,"column":29}}},"fnMap":{"0":{"name":"(anonymous_0)","decl":{"start":{"line":4,"column":19},"end":{"line":4,"column":20}},"loc":{"start":{"line":4,"column":54},"end":{"line":29,"column":1}},"line":4},"1":{"name":"(anonymous_1)","decl":{"start":{"line":10,"column":31},"end":{"line":10,"column":32}},"loc":{"start":{"line":11,"column":12},"end":{"line":20,"column":29}},"line":11}},"branchMap":{"0":{"loc":{"start":{"line":13,"column":17},"end":{"line":17,"column":17}},"type":"cond-expr","locations":[{"start":{"line":14,"column":18},"end":{"line":14,"column":63}},{"start":{"line":16,"column":18},"end":{"line":16,"column":80}}],"line":13},"1":{"loc":{"start":{"line":19,"column":15},"end":{"line":19,"column":76}},"type":"binary-expr","locations":[{"start":{"line":19,"column":15},"end":{"line":19,"column":49}},{"start":{"line":19,"column":53},"end":{"line":19,"column":76}}],"line":19}},"s":{"0":1,"1":1,"2":0},"f":{"0":1,"1":0},"b":{"0":[0,0],"1":[0,0]},"_coverageSchema":"1a1c01bbd47fc00a2c39e90264f33305004495a9","hash":"0e9898edbcc3f617b00b9fec89af72cef3f84341"}
,"C:\\xampp\\htdocs\\MisProyectos\\MesMots\\Front\\src\\lib\\utils.js": {"path":"C:\\xampp\\htdocs\\MisProyectos\\MesMots\\Front\\src\\lib\\utils.js","statementMap":{"0":{"start":{"line":5,"column":2},"end":{"line":5,"column":30}}},"fnMap":{"0":{"name":"cn","decl":{"start":{"line":4,"column":16},"end":{"line":4,"column":18}},"loc":{"start":{"line":4,"column":30},"end":{"line":6,"column":1}},"line":4}},"branchMap":{},"s":{"0":43},"f":{"0":43},"b":{},"_coverageSchema":"1a1c01bbd47fc00a2c39e90264f33305004495a9","hash":"403a8aff4e09c70e6d5c01b4699753ac9b4464d7"}
}
