{"C:\\xampp\\htdocs\\MisProyectos\\MesMots\\Front\\src\\App.jsx": {"path":"C:\\xampp\\htdocs\\MisProyectos\\MesMots\\Front\\src\\App.jsx","statementMap":{"0":{"start":{"line":13,"column":2},"end":{"line":30,"column":3}}},"fnMap":{"0":{"name":"App","decl":{"start":{"line":11,"column":9},"end":{"line":11,"column":12}},"loc":{"start":{"line":11,"column":15},"end":{"line":31,"column":1}},"line":11}},"branchMap":{},"s":{"0":1},"f":{"0":1},"b":{},"_coverageSchema":"1a1c01bbd47fc00a2c39e90264f33305004495a9","hash":"6d3c31e5a41a863f6a6abb770e1c33a57c4a1121"}
,"C:\\xampp\\htdocs\\MisProyectos\\MesMots\\Front\\src\\app\\ui\\Footer.jsx": {"path":"C:\\xampp\\htdocs\\MisProyectos\\MesMots\\Front\\src\\app\\ui\\Footer.jsx","statementMap":{"0":{"start":{"line":4,"column":15},"end":{"line":22,"column":1}},"1":{"start":{"line":5,"column":2},"end":{"line":21,"column":4}}},"fnMap":{"0":{"name":"(anonymous_0)","decl":{"start":{"line":4,"column":15},"end":{"line":4,"column":16}},"loc":{"start":{"line":4,"column":21},"end":{"line":22,"column":1}},"line":4}},"branchMap":{},"s":{"0":1,"1":6},"f":{"0":6},"b":{},"_coverageSchema":"1a1c01bbd47fc00a2c39e90264f33305004495a9","hash":"6c9f6d42facf43ce93202a79bf49b301a20f52a2"}
,"C:\\xampp\\htdocs\\MisProyectos\\MesMots\\Front\\src\\app\\ui\\Navbar.jsx": {"path":"C:\\xampp\\htdocs\\MisProyectos\\MesMots\\Front\\src\\app\\ui\\Navbar.jsx","statementMap":{"0":{"start":{"line":7,"column":15},"end":{"line":23,"column":1}},"1":{"start":{"line":8,"column":2},"end":{"line":22,"column":4}}},"fnMap":{"0":{"name":"(anonymous_0)","decl":{"start":{"line":7,"column":15},"end":{"line":7,"column":16}},"loc":{"start":{"line":7,"column":21},"end":{"line":23,"column":1}},"line":7}},"branchMap":{},"s":{"0":1,"1":4},"f":{"0":4},"b":{},"_coverageSchema":"1a1c01bbd47fc00a2c39e90264f33305004495a9","hash":"60b7e2875c7d2755572fe697faaa0ffd57a15b9b"}
,"C:\\xampp\\htdocs\\MisProyectos\\MesMots\\Front\\src\\app\\ui\\ProfileForm.jsx": {"path":"C:\\xampp\\htdocs\\MisProyectos\\MesMots\\Front\\src\\app\\ui\\ProfileForm.jsx","statementMap":{"0":{"start":{"line":20,"column":19},"end":{"line":24,"column":2}},"1":{"start":{"line":27,"column":19},"end":{"line":27,"column":32}},"2":{"start":{"line":28,"column":42},"end":{"line":28,"column":57}},"3":{"start":{"line":29,"column":44},"end":{"line":29,"column":56}},"4":{"start":{"line":31,"column":15},"end":{"line":38,"column":4}},"5":{"start":{"line":40,"column":19},"end":{"line":67,"column":3}},"6":{"start":{"line":41,"column":26},"end":{"line":45,"column":5}},"7":{"start":{"line":47,"column":4},"end":{"line":66,"column":5}},"8":{"start":{"line":48,"column":23},"end":{"line":54,"column":8}},"9":{"start":{"line":56,"column":6},"end":{"line":58,"column":7}},"10":{"start":{"line":57,"column":8},"end":{"line":57,"column":49}},"11":{"start":{"line":60,"column":21},"end":{"line":60,"column":42}},"12":{"start":{"line":61,"column":6},"end":{"line":61,"column":64}},"13":{"start":{"line":63,"column":6},"end":{"line":63,"column":68}},"14":{"start":{"line":65,"column":6},"end":{"line":65,"column":28}},"15":{"start":{"line":69,"column":28},"end":{"line":72,"column":3}},"16":{"start":{"line":70,"column":4},"end":{"line":70,"column":27}},"17":{"start":{"line":71,"column":4},"end":{"line":71,"column":25}},"18":{"start":{"line":74,"column":2},"end":{"line":177,"column":4}},"19":{"start":{"line":82,"column":14},"end":{"line":100,"column":25}},"20":{"start":{"line":107,"column":14},"end":{"line":125,"column":25}},"21":{"start":{"line":132,"column":14},"end":{"line":150,"column":25}},"22":{"start":{"line":157,"column":68},"end":{"line":157,"column":80}}},"fnMap":{"0":{"name":"ProfileForm","decl":{"start":{"line":26,"column":16},"end":{"line":26,"column":27}},"loc":{"start":{"line":26,"column":30},"end":{"line":178,"column":1}},"line":26},"1":{"name":"(anonymous_1)","decl":{"start":{"line":40,"column":19},"end":{"line":40,"column":20}},"loc":{"start":{"line":40,"column":35},"end":{"line":67,"column":3}},"line":40},"2":{"name":"(anonymous_2)","decl":{"start":{"line":69,"column":28},"end":{"line":69,"column":29}},"loc":{"start":{"line":69,"column":34},"end":{"line":72,"column":3}},"line":69},"3":{"name":"(anonymous_3)","decl":{"start":{"line":81,"column":20},"end":{"line":81,"column":21}},"loc":{"start":{"line":82,"column":14},"end":{"line":100,"column":25}},"line":82},"4":{"name":"(anonymous_4)","decl":{"start":{"line":106,"column":20},"end":{"line":106,"column":21}},"loc":{"start":{"line":107,"column":14},"end":{"line":125,"column":25}},"line":107},"5":{"name":"(anonymous_5)","decl":{"start":{"line":131,"column":20},"end":{"line":131,"column":21}},"loc":{"start":{"line":132,"column":14},"end":{"line":150,"column":25}},"line":132},"6":{"name":"(anonymous_6)","decl":{"start":{"line":157,"column":62},"end":{"line":157,"column":63}},"loc":{"start":{"line":157,"column":68},"end":{"line":157,"column":80}},"line":157}},"branchMap":{"0":{"loc":{"start":{"line":56,"column":6},"end":{"line":58,"column":7}},"type":"if","locations":[{"start":{"line":56,"column":6},"end":{"line":58,"column":7}},{"start":{},"end":{}}],"line":56},"1":{"loc":{"start":{"line":94,"column":36},"end":{"line":94,"column":83}},"type":"cond-expr","locations":[{"start":{"line":94,"column":67},"end":{"line":94,"column":73}},{"start":{"line":94,"column":76},"end":{"line":94,"column":83}}],"line":94},"2":{"loc":{"start":{"line":118,"column":77},"end":{"line":118,"column":128}},"type":"cond-expr","locations":[{"start":{"line":118,"column":107},"end":{"line":118,"column":123}},{"start":{"line":118,"column":126},"end":{"line":118,"column":128}}],"line":118},"3":{"loc":{"start":{"line":119,"column":36},"end":{"line":119,"column":82}},"type":"cond-expr","locations":[{"start":{"line":119,"column":66},"end":{"line":119,"column":72}},{"start":{"line":119,"column":75},"end":{"line":119,"column":82}}],"line":119},"4":{"loc":{"start":{"line":143,"column":77},"end":{"line":143,"column":129}},"type":"cond-expr","locations":[{"start":{"line":143,"column":108},"end":{"line":143,"column":124}},{"start":{"line":143,"column":127},"end":{"line":143,"column":129}}],"line":143},"5":{"loc":{"start":{"line":144,"column":36},"end":{"line":144,"column":83}},"type":"cond-expr","locations":[{"start":{"line":144,"column":67},"end":{"line":144,"column":73}},{"start":{"line":144,"column":76},"end":{"line":144,"column":83}}],"line":144}},"s":{"0":2,"1":35,"2":35,"3":35,"4":35,"5":35,"6":8,"7":8,"8":8,"9":6,"10":1,"11":2,"12":2,"13":6,"14":8,"15":35,"16":1,"17":1,"18":35,"19":45,"20":44,"21":45,"22":1},"f":{"0":35,"1":8,"2":1,"3":45,"4":44,"5":45,"6":1},"b":{"0":[1,2],"1":[18,27],"2":[18,26],"3":[18,26],"4":[18,27],"5":[18,27]},"_coverageSchema":"1a1c01bbd47fc00a2c39e90264f33305004495a9","hash":"2bfb6adc510432e556cb833bc942567b8511b09f"}
,"C:\\xampp\\htdocs\\MisProyectos\\MesMots\\Front\\src\\app\\ui\\alert-dialog.jsx": {"path":"C:\\xampp\\htdocs\\MisProyectos\\MesMots\\Front\\src\\app\\ui\\alert-dialog.jsx","statementMap":{"0":{"start":{"line":7,"column":20},"end":{"line":7,"column":45}},"1":{"start":{"line":9,"column":27},"end":{"line":9,"column":55}},"2":{"start":{"line":11,"column":26},"end":{"line":11,"column":53}},"3":{"start":{"line":13,"column":27},"end":{"line":22,"column":2}},"4":{"start":{"line":14,"column":2},"end":{"line":21,"column":4}},"5":{"start":{"line":23,"column":0},"end":{"line":23,"column":74}},"6":{"start":{"line":25,"column":27},"end":{"line":40,"column":2}},"7":{"start":{"line":26,"column":2},"end":{"line":39,"column":22}},"8":{"start":{"line":41,"column":0},"end":{"line":41,"column":74}},"9":{"start":{"line":43,"column":26},"end":{"line":51,"column":1}},"10":{"start":{"line":44,"column":2},"end":{"line":50,"column":4}},"11":{"start":{"line":52,"column":0},"end":{"line":52,"column":52}},"12":{"start":{"line":54,"column":26},"end":{"line":62,"column":1}},"13":{"start":{"line":55,"column":2},"end":{"line":61,"column":4}},"14":{"start":{"line":63,"column":0},"end":{"line":63,"column":52}},"15":{"start":{"line":65,"column":25},"end":{"line":72,"column":2}},"16":{"start":{"line":66,"column":2},"end":{"line":71,"column":4}},"17":{"start":{"line":73,"column":0},"end":{"line":73,"column":70}},"18":{"start":{"line":75,"column":31},"end":{"line":84,"column":1}},"19":{"start":{"line":77,"column":4},"end":{"line":82,"column":6}},"20":{"start":{"line":85,"column":0},"end":{"line":86,"column":47}},"21":{"start":{"line":88,"column":26},"end":{"line":94,"column":2}},"22":{"start":{"line":89,"column":2},"end":{"line":93,"column":4}},"23":{"start":{"line":95,"column":0},"end":{"line":95,"column":72}},"24":{"start":{"line":97,"column":26},"end":{"line":107,"column":2}},"25":{"start":{"line":98,"column":2},"end":{"line":106,"column":4}},"26":{"start":{"line":108,"column":0},"end":{"line":108,"column":72}}},"fnMap":{"0":{"name":"(anonymous_0)","decl":{"start":{"line":13,"column":44},"end":{"line":13,"column":45}},"loc":{"start":{"line":14,"column":2},"end":{"line":21,"column":4}},"line":14},"1":{"name":"(anonymous_1)","decl":{"start":{"line":25,"column":44},"end":{"line":25,"column":45}},"loc":{"start":{"line":26,"column":2},"end":{"line":39,"column":22}},"line":26},"2":{"name":"(anonymous_2)","decl":{"start":{"line":43,"column":26},"end":{"line":43,"column":27}},"loc":{"start":{"line":44,"column":2},"end":{"line":50,"column":4}},"line":44},"3":{"name":"(anonymous_3)","decl":{"start":{"line":54,"column":26},"end":{"line":54,"column":27}},"loc":{"start":{"line":55,"column":2},"end":{"line":61,"column":4}},"line":55},"4":{"name":"(anonymous_4)","decl":{"start":{"line":65,"column":42},"end":{"line":65,"column":43}},"loc":{"start":{"line":66,"column":2},"end":{"line":71,"column":4}},"line":66},"5":{"name":"(anonymous_5)","decl":{"start":{"line":76,"column":2},"end":{"line":76,"column":3}},"loc":{"start":{"line":77,"column":4},"end":{"line":82,"column":6}},"line":77},"6":{"name":"(anonymous_6)","decl":{"start":{"line":88,"column":43},"end":{"line":88,"column":44}},"loc":{"start":{"line":89,"column":2},"end":{"line":93,"column":4}},"line":89},"7":{"name":"(anonymous_7)","decl":{"start":{"line":97,"column":43},"end":{"line":97,"column":44}},"loc":{"start":{"line":98,"column":2},"end":{"line":106,"column":4}},"line":98}},"branchMap":{},"s":{"0":2,"1":2,"2":2,"3":2,"4":10,"5":2,"6":2,"7":20,"8":2,"9":2,"10":1,"11":2,"12":2,"13":1,"14":2,"15":2,"16":3,"17":2,"18":2,"19":4,"20":2,"21":2,"22":3,"23":2,"24":2,"25":3,"26":2},"f":{"0":10,"1":20,"2":1,"3":1,"4":3,"5":4,"6":3,"7":3},"b":{},"_coverageSchema":"1a1c01bbd47fc00a2c39e90264f33305004495a9","hash":"a27493220cc0168dd954cdf13e3d4ce682a242d2"}
,"C:\\xampp\\htdocs\\MisProyectos\\MesMots\\Front\\src\\app\\ui\\breadcrumb.jsx": {"path":"C:\\xampp\\htdocs\\MisProyectos\\MesMots\\Front\\src\\app\\ui\\breadcrumb.jsx","statementMap":{"0":{"start":{"line":7,"column":19},"end":{"line":9,"column":1}},"1":{"start":{"line":8,"column":25},"end":{"line":8,"column":100}},"2":{"start":{"line":10,"column":0},"end":{"line":10,"column":37}},"3":{"start":{"line":12,"column":23},"end":{"line":20,"column":2}},"4":{"start":{"line":13,"column":2},"end":{"line":19,"column":17}},"5":{"start":{"line":21,"column":0},"end":{"line":21,"column":45}},"6":{"start":{"line":23,"column":23},"end":{"line":28,"column":2}},"7":{"start":{"line":24,"column":2},"end":{"line":27,"column":17}},"8":{"start":{"line":29,"column":0},"end":{"line":29,"column":45}},"9":{"start":{"line":31,"column":23},"end":{"line":43,"column":2}},"10":{"start":{"line":32,"column":15},"end":{"line":32,"column":35}},"11":{"start":{"line":34,"column":2},"end":{"line":42,"column":4}},"12":{"start":{"line":44,"column":0},"end":{"line":44,"column":45}},"13":{"start":{"line":46,"column":23},"end":{"line":54,"column":2}},"14":{"start":{"line":47,"column":2},"end":{"line":53,"column":17}},"15":{"start":{"line":55,"column":0},"end":{"line":55,"column":45}},"16":{"start":{"line":57,"column":28},"end":{"line":69,"column":1}},"17":{"start":{"line":62,"column":2},"end":{"line":68,"column":7}},"18":{"start":{"line":70,"column":0},"end":{"line":70,"column":55}},"19":{"start":{"line":72,"column":27},"end":{"line":84,"column":1}},"20":{"start":{"line":76,"column":2},"end":{"line":83,"column":9}},"21":{"start":{"line":85,"column":0},"end":{"line":85,"column":53}}},"fnMap":{"0":{"name":"(anonymous_0)","decl":{"start":{"line":8,"column":2},"end":{"line":8,"column":3}},"loc":{"start":{"line":8,"column":25},"end":{"line":8,"column":100}},"line":8},"1":{"name":"(anonymous_1)","decl":{"start":{"line":12,"column":40},"end":{"line":12,"column":41}},"loc":{"start":{"line":13,"column":2},"end":{"line":19,"column":17}},"line":13},"2":{"name":"(anonymous_2)","decl":{"start":{"line":23,"column":40},"end":{"line":23,"column":41}},"loc":{"start":{"line":24,"column":2},"end":{"line":27,"column":17}},"line":24},"3":{"name":"(anonymous_3)","decl":{"start":{"line":31,"column":40},"end":{"line":31,"column":41}},"loc":{"start":{"line":31,"column":83},"end":{"line":43,"column":1}},"line":31},"4":{"name":"(anonymous_4)","decl":{"start":{"line":46,"column":40},"end":{"line":46,"column":41}},"loc":{"start":{"line":47,"column":2},"end":{"line":53,"column":17}},"line":47},"5":{"name":"(anonymous_5)","decl":{"start":{"line":57,"column":28},"end":{"line":57,"column":29}},"loc":{"start":{"line":62,"column":2},"end":{"line":68,"column":7}},"line":62},"6":{"name":"(anonymous_6)","decl":{"start":{"line":72,"column":27},"end":{"line":72,"column":28}},"loc":{"start":{"line":76,"column":2},"end":{"line":83,"column":9}},"line":76}},"branchMap":{"0":{"loc":{"start":{"line":32,"column":15},"end":{"line":32,"column":35}},"type":"cond-expr","locations":[{"start":{"line":32,"column":25},"end":{"line":32,"column":29}},{"start":{"line":32,"column":32},"end":{"line":32,"column":35}}],"line":32},"1":{"loc":{"start":{"line":67,"column":5},"end":{"line":67,"column":33}},"type":"binary-expr","locations":[{"start":{"line":67,"column":5},"end":{"line":67,"column":13}},{"start":{"line":67,"column":17},"end":{"line":67,"column":33}}],"line":67}},"s":{"0":1,"1":1,"2":1,"3":1,"4":1,"5":1,"6":1,"7":0,"8":1,"9":1,"10":0,"11":0,"12":1,"13":1,"14":0,"15":1,"16":1,"17":0,"18":1,"19":1,"20":0,"21":1},"f":{"0":1,"1":1,"2":0,"3":0,"4":0,"5":0,"6":0},"b":{"0":[0,0],"1":[0,0]},"_coverageSchema":"1a1c01bbd47fc00a2c39e90264f33305004495a9","hash":"a8be35bcde4070e08738c436ea965eb253994e24"}
,"C:\\xampp\\htdocs\\MisProyectos\\MesMots\\Front\\src\\app\\ui\\form.jsx": {"path":"C:\\xampp\\htdocs\\MisProyectos\\MesMots\\Front\\src\\app\\ui\\form.jsx","statementMap":{"0":{"start":{"line":8,"column":13},"end":{"line":8,"column":25}},"1":{"start":{"line":10,"column":25},"end":{"line":10,"column":48}},"2":{"start":{"line":12,"column":18},"end":{"line":22,"column":1}},"3":{"start":{"line":17,"column":2},"end":{"line":21,"column":4}},"4":{"start":{"line":24,"column":21},"end":{"line":45,"column":1}},"5":{"start":{"line":25,"column":23},"end":{"line":25,"column":57}},"6":{"start":{"line":26,"column":22},"end":{"line":26,"column":55}},"7":{"start":{"line":27,"column":39},"end":{"line":27,"column":55}},"8":{"start":{"line":29,"column":21},"end":{"line":29,"column":64}},"9":{"start":{"line":31,"column":2},"end":{"line":33,"column":3}},"10":{"start":{"line":32,"column":4},"end":{"line":32,"column":69}},"11":{"start":{"line":35,"column":17},"end":{"line":35,"column":28}},"12":{"start":{"line":37,"column":2},"end":{"line":44,"column":3}},"13":{"start":{"line":47,"column":24},"end":{"line":47,"column":47}},"14":{"start":{"line":49,"column":17},"end":{"line":57,"column":2}},"15":{"start":{"line":50,"column":13},"end":{"line":50,"column":26}},"16":{"start":{"line":52,"column":2},"end":{"line":56,"column":4}},"17":{"start":{"line":58,"column":0},"end":{"line":58,"column":33}},"18":{"start":{"line":60,"column":18},"end":{"line":71,"column":2}},"19":{"start":{"line":61,"column":32},"end":{"line":61,"column":46}},"20":{"start":{"line":63,"column":2},"end":{"line":70,"column":4}},"21":{"start":{"line":72,"column":0},"end":{"line":72,"column":35}},"22":{"start":{"line":74,"column":20},"end":{"line":90,"column":2}},"23":{"start":{"line":75,"column":66},"end":{"line":75,"column":80}},"24":{"start":{"line":77,"column":2},"end":{"line":89,"column":4}},"25":{"start":{"line":91,"column":0},"end":{"line":91,"column":39}},"26":{"start":{"line":93,"column":24},"end":{"line":103,"column":2}},"27":{"start":{"line":94,"column":32},"end":{"line":94,"column":46}},"28":{"start":{"line":96,"column":2},"end":{"line":102,"column":4}},"29":{"start":{"line":104,"column":0},"end":{"line":104,"column":47}},"30":{"start":{"line":106,"column":20},"end":{"line":125,"column":2}},"31":{"start":{"line":107,"column":35},"end":{"line":107,"column":49}},"32":{"start":{"line":108,"column":15},"end":{"line":108,"column":56}},"33":{"start":{"line":110,"column":2},"end":{"line":112,"column":3}},"34":{"start":{"line":111,"column":4},"end":{"line":111,"column":15}},"35":{"start":{"line":114,"column":2},"end":{"line":124,"column":4}},"36":{"start":{"line":126,"column":0},"end":{"line":126,"column":39}}},"fnMap":{"0":{"name":"(anonymous_0)","decl":{"start":{"line":12,"column":18},"end":{"line":12,"column":19}},"loc":{"start":{"line":16,"column":5},"end":{"line":22,"column":1}},"line":16},"1":{"name":"(anonymous_1)","decl":{"start":{"line":24,"column":21},"end":{"line":24,"column":22}},"loc":{"start":{"line":24,"column":27},"end":{"line":45,"column":1}},"line":24},"2":{"name":"(anonymous_2)","decl":{"start":{"line":49,"column":34},"end":{"line":49,"column":35}},"loc":{"start":{"line":49,"column":68},"end":{"line":57,"column":1}},"line":49},"3":{"name":"(anonymous_3)","decl":{"start":{"line":60,"column":35},"end":{"line":60,"column":36}},"loc":{"start":{"line":60,"column":69},"end":{"line":71,"column":1}},"line":60},"4":{"name":"(anonymous_4)","decl":{"start":{"line":74,"column":37},"end":{"line":74,"column":38}},"loc":{"start":{"line":74,"column":60},"end":{"line":90,"column":1}},"line":74},"5":{"name":"(anonymous_5)","decl":{"start":{"line":93,"column":41},"end":{"line":93,"column":42}},"loc":{"start":{"line":93,"column":75},"end":{"line":103,"column":1}},"line":93},"6":{"name":"(anonymous_6)","decl":{"start":{"line":106,"column":37},"end":{"line":106,"column":38}},"loc":{"start":{"line":106,"column":81},"end":{"line":125,"column":1}},"line":106}},"branchMap":{"0":{"loc":{"start":{"line":31,"column":2},"end":{"line":33,"column":3}},"type":"if","locations":[{"start":{"line":31,"column":2},"end":{"line":33,"column":3}},{"start":{},"end":{}}],"line":31},"1":{"loc":{"start":{"line":66,"column":20},"end":{"line":66,"column":47}},"type":"binary-expr","locations":[{"start":{"line":66,"column":20},"end":{"line":66,"column":25}},{"start":{"line":66,"column":29},"end":{"line":66,"column":47}}],"line":66},"2":{"loc":{"start":{"line":82,"column":8},"end":{"line":84,"column":51}},"type":"cond-expr","locations":[{"start":{"line":83,"column":12},"end":{"line":83,"column":34}},{"start":{"line":84,"column":12},"end":{"line":84,"column":51}}],"line":82},"3":{"loc":{"start":{"line":108,"column":15},"end":{"line":108,"column":56}},"type":"cond-expr","locations":[{"start":{"line":108,"column":23},"end":{"line":108,"column":45}},{"start":{"line":108,"column":48},"end":{"line":108,"column":56}}],"line":108},"4":{"loc":{"start":{"line":110,"column":2},"end":{"line":112,"column":3}},"type":"if","locations":[{"start":{"line":110,"column":2},"end":{"line":112,"column":3}},{"start":{},"end":{}}],"line":110}},"s":{"0":1,"1":1,"2":1,"3":51,"4":1,"5":240,"6":240,"7":240,"8":240,"9":240,"10":0,"11":240,"12":240,"13":1,"14":1,"15":80,"16":80,"17":1,"18":1,"19":80,"20":80,"21":1,"22":1,"23":80,"24":80,"25":1,"26":1,"27":0,"28":0,"29":1,"30":1,"31":80,"32":80,"33":80,"34":74,"35":6,"36":1},"f":{"0":51,"1":240,"2":80,"3":80,"4":80,"5":0,"6":80},"b":{"0":[0,240],"1":[80,6],"2":[74,6],"3":[6,74],"4":[74,6]},"_coverageSchema":"1a1c01bbd47fc00a2c39e90264f33305004495a9","hash":"f74b4635e4b0fdf1f436df28f7930d58cfcb30bd"}
,"C:\\xampp\\htdocs\\MisProyectos\\MesMots\\Front\\src\\app\\ui\\input.jsx": {"path":"C:\\xampp\\htdocs\\MisProyectos\\MesMots\\Front\\src\\app\\ui\\input.jsx","statementMap":{"0":{"start":{"line":5,"column":14},"end":{"line":18,"column":2}},"1":{"start":{"line":6,"column":2},"end":{"line":17,"column":4}},"2":{"start":{"line":19,"column":0},"end":{"line":19,"column":27}}},"fnMap":{"0":{"name":"(anonymous_0)","decl":{"start":{"line":5,"column":31},"end":{"line":5,"column":32}},"loc":{"start":{"line":5,"column":99},"end":{"line":18,"column":1}},"line":5}},"branchMap":{},"s":{"0":1,"1":53,"2":1},"f":{"0":53},"b":{},"_coverageSchema":"1a1c01bbd47fc00a2c39e90264f33305004495a9","hash":"43ccb182cb472491cb209708f1095f81bfa17c1f"}
,"C:\\xampp\\htdocs\\MisProyectos\\MesMots\\Front\\src\\app\\ui\\label.jsx": {"path":"C:\\xampp\\htdocs\\MisProyectos\\MesMots\\Front\\src\\app\\ui\\label.jsx","statementMap":{"0":{"start":{"line":7,"column":22},"end":{"line":9,"column":1}},"1":{"start":{"line":11,"column":14},"end":{"line":18,"column":2}},"2":{"start":{"line":12,"column":2},"end":{"line":17,"column":4}},"3":{"start":{"line":19,"column":0},"end":{"line":19,"column":52}}},"fnMap":{"0":{"name":"(anonymous_0)","decl":{"start":{"line":11,"column":31},"end":{"line":11,"column":32}},"loc":{"start":{"line":12,"column":2},"end":{"line":17,"column":4}},"line":12}},"branchMap":{},"s":{"0":1,"1":1,"2":80,"3":1},"f":{"0":80},"b":{},"_coverageSchema":"1a1c01bbd47fc00a2c39e90264f33305004495a9","hash":"85d69d5bcca00f7f24df63b6d1252fc6de7fa4c4"}
,"C:\\xampp\\htdocs\\MisProyectos\\MesMots\\Front\\src\\app\\ui\\textarea.jsx": {"path":"C:\\xampp\\htdocs\\MisProyectos\\MesMots\\Front\\src\\app\\ui\\textarea.jsx","statementMap":{"0":{"start":{"line":5,"column":17},"end":{"line":18,"column":2}},"1":{"start":{"line":6,"column":2},"end":{"line":17,"column":4}},"2":{"start":{"line":19,"column":0},"end":{"line":19,"column":33}}},"fnMap":{"0":{"name":"(anonymous_0)","decl":{"start":{"line":5,"column":34},"end":{"line":5,"column":35}},"loc":{"start":{"line":5,"column":144},"end":{"line":18,"column":1}},"line":5}},"branchMap":{},"s":{"0":1,"1":27,"2":1},"f":{"0":27},"b":{},"_coverageSchema":"1a1c01bbd47fc00a2c39e90264f33305004495a9","hash":"7019d41276bb86f4f2a4dbcaf0268484839c0bbf"}
,"C:\\xampp\\htdocs\\MisProyectos\\MesMots\\Front\\src\\components\\ui\\Button.jsx": {"path":"C:\\xampp\\htdocs\\MisProyectos\\MesMots\\Front\\src\\components\\ui\\Button.jsx","statementMap":{"0":{"start":{"line":7,"column":23},"end":{"line":38,"column":1}},"1":{"start":{"line":40,"column":15},"end":{"line":48,"column":2}},"2":{"start":{"line":41,"column":15},"end":{"line":41,"column":40}},"3":{"start":{"line":42,"column":2},"end":{"line":47,"column":4}},"4":{"start":{"line":49,"column":0},"end":{"line":49,"column":29}}},"fnMap":{"0":{"name":"(anonymous_0)","decl":{"start":{"line":40,"column":32},"end":{"line":40,"column":33}},"loc":{"start":{"line":40,"column":98},"end":{"line":48,"column":1}},"line":40}},"branchMap":{"0":{"loc":{"start":{"line":40,"column":61},"end":{"line":40,"column":76}},"type":"default-arg","locations":[{"start":{"line":40,"column":71},"end":{"line":40,"column":76}}],"line":40},"1":{"loc":{"start":{"line":41,"column":15},"end":{"line":41,"column":40}},"type":"cond-expr","locations":[{"start":{"line":41,"column":25},"end":{"line":41,"column":29}},{"start":{"line":41,"column":32},"end":{"line":41,"column":40}}],"line":41}},"s":{"0":5,"1":5,"2":52,"3":52,"4":5},"f":{"0":52},"b":{"0":[51],"1":[1,51]},"_coverageSchema":"1a1c01bbd47fc00a2c39e90264f33305004495a9","hash":"1f7a9641aa04f328c57a4926b0244d520a064a75"}
,"C:\\xampp\\htdocs\\MisProyectos\\MesMots\\Front\\src\\components\\ui\\Card.jsx": {"path":"C:\\xampp\\htdocs\\MisProyectos\\MesMots\\Front\\src\\components\\ui\\Card.jsx","statementMap":{"0":{"start":{"line":4,"column":13},"end":{"line":15,"column":1}},"1":{"start":{"line":6,"column":4},"end":{"line":13,"column":6}},"2":{"start":{"line":16,"column":0},"end":{"line":16,"column":26}},"3":{"start":{"line":18,"column":19},"end":{"line":26,"column":1}},"4":{"start":{"line":20,"column":4},"end":{"line":24,"column":6}},"5":{"start":{"line":27,"column":0},"end":{"line":27,"column":38}},"6":{"start":{"line":29,"column":18},"end":{"line":40,"column":1}},"7":{"start":{"line":31,"column":4},"end":{"line":38,"column":6}},"8":{"start":{"line":41,"column":0},"end":{"line":41,"column":36}},"9":{"start":{"line":43,"column":24},"end":{"line":51,"column":1}},"10":{"start":{"line":45,"column":4},"end":{"line":49,"column":6}},"11":{"start":{"line":52,"column":0},"end":{"line":52,"column":48}},"12":{"start":{"line":54,"column":20},"end":{"line":58,"column":1}},"13":{"start":{"line":56,"column":4},"end":{"line":56,"column":70}},"14":{"start":{"line":59,"column":0},"end":{"line":59,"column":40}},"15":{"start":{"line":61,"column":19},"end":{"line":69,"column":1}},"16":{"start":{"line":63,"column":4},"end":{"line":67,"column":6}},"17":{"start":{"line":70,"column":0},"end":{"line":70,"column":38}}},"fnMap":{"0":{"name":"(anonymous_0)","decl":{"start":{"line":5,"column":2},"end":{"line":5,"column":3}},"loc":{"start":{"line":6,"column":4},"end":{"line":13,"column":6}},"line":6},"1":{"name":"(anonymous_1)","decl":{"start":{"line":19,"column":2},"end":{"line":19,"column":3}},"loc":{"start":{"line":20,"column":4},"end":{"line":24,"column":6}},"line":20},"2":{"name":"(anonymous_2)","decl":{"start":{"line":30,"column":2},"end":{"line":30,"column":3}},"loc":{"start":{"line":31,"column":4},"end":{"line":38,"column":6}},"line":31},"3":{"name":"(anonymous_3)","decl":{"start":{"line":44,"column":2},"end":{"line":44,"column":3}},"loc":{"start":{"line":45,"column":4},"end":{"line":49,"column":6}},"line":45},"4":{"name":"(anonymous_4)","decl":{"start":{"line":55,"column":2},"end":{"line":55,"column":3}},"loc":{"start":{"line":56,"column":4},"end":{"line":56,"column":70}},"line":56},"5":{"name":"(anonymous_5)","decl":{"start":{"line":62,"column":2},"end":{"line":62,"column":3}},"loc":{"start":{"line":63,"column":4},"end":{"line":67,"column":6}},"line":63}},"branchMap":{},"s":{"0":2,"1":2,"2":2,"3":2,"4":2,"5":2,"6":2,"7":1,"8":2,"9":2,"10":1,"11":2,"12":2,"13":2,"14":2,"15":2,"16":2,"17":2},"f":{"0":2,"1":2,"2":1,"3":1,"4":2,"5":2},"b":{},"_coverageSchema":"1a1c01bbd47fc00a2c39e90264f33305004495a9","hash":"f5ac6b211703875d362dd11e6ef816cbf840749a"}
,"C:\\xampp\\htdocs\\MisProyectos\\MesMots\\Front\\src\\components\\ui\\PageLayout.jsx": {"path":"C:\\xampp\\htdocs\\MisProyectos\\MesMots\\Front\\src\\components\\ui\\PageLayout.jsx","statementMap":{"0":{"start":{"line":4,"column":19},"end":{"line":29,"column":1}},"1":{"start":{"line":5,"column":2},"end":{"line":28,"column":4}},"2":{"start":{"line":11,"column":12},"end":{"line":20,"column":29}}},"fnMap":{"0":{"name":"(anonymous_0)","decl":{"start":{"line":4,"column":19},"end":{"line":4,"column":20}},"loc":{"start":{"line":4,"column":54},"end":{"line":29,"column":1}},"line":4},"1":{"name":"(anonymous_1)","decl":{"start":{"line":10,"column":31},"end":{"line":10,"column":32}},"loc":{"start":{"line":11,"column":12},"end":{"line":20,"column":29}},"line":11}},"branchMap":{"0":{"loc":{"start":{"line":13,"column":17},"end":{"line":17,"column":17}},"type":"cond-expr","locations":[{"start":{"line":14,"column":18},"end":{"line":14,"column":63}},{"start":{"line":16,"column":18},"end":{"line":16,"column":80}}],"line":13},"1":{"loc":{"start":{"line":19,"column":15},"end":{"line":19,"column":76}},"type":"binary-expr","locations":[{"start":{"line":19,"column":15},"end":{"line":19,"column":49}},{"start":{"line":19,"column":53},"end":{"line":19,"column":76}}],"line":19}},"s":{"0":1,"1":1,"2":0},"f":{"0":1,"1":0},"b":{"0":[0,0],"1":[0,0]},"_coverageSchema":"1a1c01bbd47fc00a2c39e90264f33305004495a9","hash":"0e9898edbcc3f617b00b9fec89af72cef3f84341"}
,"C:\\xampp\\htdocs\\MisProyectos\\MesMots\\Front\\src\\lib\\utils.js": {"path":"C:\\xampp\\htdocs\\MisProyectos\\MesMots\\Front\\src\\lib\\utils.js","statementMap":{"0":{"start":{"line":5,"column":2},"end":{"line":5,"column":30}}},"fnMap":{"0":{"name":"cn","decl":{"start":{"line":4,"column":16},"end":{"line":4,"column":18}},"loc":{"start":{"line":4,"column":30},"end":{"line":6,"column":1}},"line":4}},"branchMap":{},"s":{"0":434},"f":{"0":434},"b":{},"_coverageSchema":"1a1c01bbd47fc00a2c39e90264f33305004495a9","hash":"403a8aff4e09c70e6d5c01b4699753ac9b4464d7"}
}
