TN:
SF:src\App.jsx
FN:11,App
FNF:1
FNH:1
FNDA:1,App
DA:13,1
LF:1
LH:1
BRF:0
BRH:0
end_of_record
TN:
SF:src\app\ui\Footer.jsx
FN:4,(anonymous_0)
FNF:1
FNH:1
FNDA:6,(anonymous_0)
DA:4,1
DA:5,6
LF:2
LH:2
BRF:0
BRH:0
end_of_record
TN:
SF:src\app\ui\Navbar.jsx
FN:7,(anonymous_0)
FNF:1
FNH:1
FNDA:4,(anonymous_0)
DA:7,1
DA:8,4
LF:2
LH:2
BRF:0
BRH:0
end_of_record
TN:
SF:src\app\ui\ProfileForm.jsx
FN:26,ProfileForm
FN:40,(anonymous_1)
FN:69,(anonymous_2)
FN:81,(anonymous_3)
FN:106,(anonymous_4)
FN:131,(anonymous_5)
FN:157,(anonymous_6)
FNF:7
FNH:7
FNDA:35,ProfileForm
FNDA:8,(anonymous_1)
FNDA:1,(anonymous_2)
FNDA:45,(anonymous_3)
FNDA:44,(anonymous_4)
FNDA:45,(anonymous_5)
FNDA:1,(anonymous_6)
DA:20,2
DA:27,35
DA:28,35
DA:29,35
DA:31,35
DA:40,35
DA:41,8
DA:47,8
DA:48,8
DA:56,6
DA:57,1
DA:60,2
DA:61,2
DA:63,6
DA:65,8
DA:69,35
DA:70,1
DA:71,1
DA:74,35
DA:82,45
DA:107,44
DA:132,45
DA:157,1
LF:23
LH:23
BRDA:56,0,0,1
BRDA:56,0,1,2
BRDA:94,1,0,18
BRDA:94,1,1,27
BRDA:118,2,0,18
BRDA:118,2,1,26
BRDA:119,3,0,18
BRDA:119,3,1,26
BRDA:143,4,0,18
BRDA:143,4,1,27
BRDA:144,5,0,18
BRDA:144,5,1,27
BRF:12
BRH:12
end_of_record
TN:
SF:src\app\ui\alert-dialog.jsx
FN:13,(anonymous_0)
FN:25,(anonymous_1)
FN:43,(anonymous_2)
FN:54,(anonymous_3)
FN:65,(anonymous_4)
FN:76,(anonymous_5)
FN:88,(anonymous_6)
FN:97,(anonymous_7)
FNF:8
FNH:8
FNDA:10,(anonymous_0)
FNDA:20,(anonymous_1)
FNDA:1,(anonymous_2)
FNDA:1,(anonymous_3)
FNDA:3,(anonymous_4)
FNDA:4,(anonymous_5)
FNDA:3,(anonymous_6)
FNDA:3,(anonymous_7)
DA:7,2
DA:9,2
DA:11,2
DA:13,2
DA:14,10
DA:23,2
DA:25,2
DA:26,20
DA:41,2
DA:43,2
DA:44,1
DA:52,2
DA:54,2
DA:55,1
DA:63,2
DA:65,2
DA:66,3
DA:73,2
DA:75,2
DA:77,4
DA:85,2
DA:88,2
DA:89,3
DA:95,2
DA:97,2
DA:98,3
DA:108,2
LF:27
LH:27
BRF:0
BRH:0
end_of_record
TN:
SF:src\app\ui\breadcrumb.jsx
FN:8,(anonymous_0)
FN:12,(anonymous_1)
FN:23,(anonymous_2)
FN:31,(anonymous_3)
FN:46,(anonymous_4)
FN:57,(anonymous_5)
FN:72,(anonymous_6)
FNF:7
FNH:2
FNDA:1,(anonymous_0)
FNDA:1,(anonymous_1)
FNDA:0,(anonymous_2)
FNDA:0,(anonymous_3)
FNDA:0,(anonymous_4)
FNDA:0,(anonymous_5)
FNDA:0,(anonymous_6)
DA:7,1
DA:8,1
DA:10,1
DA:12,1
DA:13,1
DA:21,1
DA:23,1
DA:24,0
DA:29,1
DA:31,1
DA:32,0
DA:34,0
DA:44,1
DA:46,1
DA:47,0
DA:55,1
DA:57,1
DA:62,0
DA:70,1
DA:72,1
DA:76,0
DA:85,1
LF:22
LH:16
BRDA:32,0,0,0
BRDA:32,0,1,0
BRDA:67,1,0,0
BRDA:67,1,1,0
BRF:4
BRH:0
end_of_record
TN:
SF:src\app\ui\form.jsx
FN:12,(anonymous_0)
FN:24,(anonymous_1)
FN:49,(anonymous_2)
FN:60,(anonymous_3)
FN:74,(anonymous_4)
FN:93,(anonymous_5)
FN:106,(anonymous_6)
FNF:7
FNH:6
FNDA:51,(anonymous_0)
FNDA:240,(anonymous_1)
FNDA:80,(anonymous_2)
FNDA:80,(anonymous_3)
FNDA:80,(anonymous_4)
FNDA:0,(anonymous_5)
FNDA:80,(anonymous_6)
DA:8,1
DA:10,1
DA:12,1
DA:17,51
DA:24,1
DA:25,240
DA:26,240
DA:27,240
DA:29,240
DA:31,240
DA:32,0
DA:35,240
DA:37,240
DA:47,1
DA:49,1
DA:50,80
DA:52,80
DA:58,1
DA:60,1
DA:61,80
DA:63,80
DA:72,1
DA:74,1
DA:75,80
DA:77,80
DA:91,1
DA:93,1
DA:94,0
DA:96,0
DA:104,1
DA:106,1
DA:107,80
DA:108,80
DA:110,80
DA:111,74
DA:114,6
DA:126,1
LF:37
LH:34
BRDA:31,0,0,0
BRDA:31,0,1,240
BRDA:66,1,0,80
BRDA:66,1,1,6
BRDA:82,2,0,74
BRDA:82,2,1,6
BRDA:108,3,0,6
BRDA:108,3,1,74
BRDA:110,4,0,74
BRDA:110,4,1,6
BRF:10
BRH:9
end_of_record
TN:
SF:src\app\ui\input.jsx
FN:5,(anonymous_0)
FNF:1
FNH:1
FNDA:53,(anonymous_0)
DA:5,1
DA:6,53
DA:19,1
LF:3
LH:3
BRF:0
BRH:0
end_of_record
TN:
SF:src\app\ui\label.jsx
FN:11,(anonymous_0)
FNF:1
FNH:1
FNDA:80,(anonymous_0)
DA:7,1
DA:11,1
DA:12,80
DA:19,1
LF:4
LH:4
BRF:0
BRH:0
end_of_record
TN:
SF:src\app\ui\textarea.jsx
FN:5,(anonymous_0)
FNF:1
FNH:1
FNDA:27,(anonymous_0)
DA:5,1
DA:6,27
DA:19,1
LF:3
LH:3
BRF:0
BRH:0
end_of_record
TN:
SF:src\components\ui\Button.jsx
FN:40,(anonymous_0)
FNF:1
FNH:1
FNDA:52,(anonymous_0)
DA:7,5
DA:40,5
DA:41,52
DA:42,52
DA:49,5
LF:5
LH:5
BRDA:40,0,0,51
BRDA:41,1,0,1
BRDA:41,1,1,51
BRF:3
BRH:3
end_of_record
TN:
SF:src\components\ui\Card.jsx
FN:5,(anonymous_0)
FN:19,(anonymous_1)
FN:30,(anonymous_2)
FN:44,(anonymous_3)
FN:55,(anonymous_4)
FN:62,(anonymous_5)
FNF:6
FNH:6
FNDA:2,(anonymous_0)
FNDA:2,(anonymous_1)
FNDA:1,(anonymous_2)
FNDA:1,(anonymous_3)
FNDA:2,(anonymous_4)
FNDA:2,(anonymous_5)
DA:4,2
DA:6,2
DA:16,2
DA:18,2
DA:20,2
DA:27,2
DA:29,2
DA:31,1
DA:41,2
DA:43,2
DA:45,1
DA:52,2
DA:54,2
DA:56,2
DA:59,2
DA:61,2
DA:63,2
DA:70,2
LF:18
LH:18
BRF:0
BRH:0
end_of_record
TN:
SF:src\components\ui\PageLayout.jsx
FN:4,(anonymous_0)
FN:10,(anonymous_1)
FNF:2
FNH:1
FNDA:1,(anonymous_0)
FNDA:0,(anonymous_1)
DA:4,1
DA:5,1
DA:11,0
LF:3
LH:2
BRDA:13,0,0,0
BRDA:13,0,1,0
BRDA:19,1,0,0
BRDA:19,1,1,0
BRF:4
BRH:0
end_of_record
TN:
SF:src\lib\utils.js
FN:4,cn
FNF:1
FNH:1
FNDA:434,cn
DA:5,434
LF:1
LH:1
BRF:0
BRH:0
end_of_record
