TN:
SF:src\App.jsx
FN:11,App
FNF:1
FNH:1
FNDA:1,App
DA:13,1
LF:1
LH:1
BRF:0
BRH:0
end_of_record
TN:
SF:src\app\ui\ProfileForm.jsx
FN:26,ProfileForm
FN:40,(anonymous_1)
FN:69,(anonymous_2)
FN:81,(anonymous_3)
FN:104,(anonymous_4)
FN:127,(anonymous_5)
FN:151,(anonymous_6)
FNF:7
FNH:7
FNDA:18,ProfileForm
FNDA:7,(anonymous_1)
FNDA:1,(anonymous_2)
FNDA:18,(anonymous_3)
FNDA:18,(anonymous_4)
FNDA:18,(anonymous_5)
FNDA:1,(anonymous_6)
DA:20,1
DA:27,18
DA:28,18
DA:29,18
DA:31,18
DA:40,18
DA:41,7
DA:47,7
DA:48,7
DA:56,6
DA:57,1
DA:60,2
DA:61,2
DA:63,5
DA:65,7
DA:69,18
DA:70,1
DA:71,1
DA:74,18
DA:82,18
DA:105,18
DA:128,18
DA:151,1
LF:23
LH:23
BRDA:56,0,0,1
BRDA:56,0,1,2
BRF:2
BRH:2
end_of_record
TN:
SF:src\app\ui\alert-dialog.jsx
FN:13,(anonymous_0)
FN:24,(anonymous_1)
FN:38,(anonymous_2)
FN:48,(anonymous_3)
FN:58,(anonymous_4)
FN:63,(anonymous_5)
FN:72,(anonymous_6)
FN:77,(anonymous_7)
FNF:8
FNH:6
FNDA:8,(anonymous_0)
FNDA:3,(anonymous_1)
FNDA:0,(anonymous_2)
FNDA:0,(anonymous_3)
FNDA:3,(anonymous_4)
FNDA:3,(anonymous_5)
FNDA:3,(anonymous_6)
FNDA:3,(anonymous_7)
DA:7,1
DA:9,1
DA:11,1
DA:13,1
DA:14,8
DA:22,1
DA:24,1
DA:25,3
DA:36,1
DA:38,1
DA:42,0
DA:46,1
DA:48,1
DA:52,0
DA:56,1
DA:58,1
DA:59,3
DA:61,1
DA:63,1
DA:64,3
DA:69,1
DA:72,1
DA:73,3
DA:75,1
DA:77,1
DA:78,3
DA:83,1
LF:27
LH:25
BRF:0
BRH:0
end_of_record
TN:
SF:src\app\ui\breadcrumb.jsx
FN:8,(anonymous_0)
FN:12,(anonymous_1)
FN:23,(anonymous_2)
FN:31,(anonymous_3)
FN:46,(anonymous_4)
FN:57,(anonymous_5)
FN:72,(anonymous_6)
FNF:7
FNH:2
FNDA:1,(anonymous_0)
FNDA:1,(anonymous_1)
FNDA:0,(anonymous_2)
FNDA:0,(anonymous_3)
FNDA:0,(anonymous_4)
FNDA:0,(anonymous_5)
FNDA:0,(anonymous_6)
DA:7,1
DA:8,1
DA:10,1
DA:12,1
DA:13,1
DA:21,1
DA:23,1
DA:24,0
DA:29,1
DA:31,1
DA:32,0
DA:34,0
DA:44,1
DA:46,1
DA:47,0
DA:55,1
DA:57,1
DA:62,0
DA:70,1
DA:72,1
DA:76,0
DA:85,1
LF:22
LH:16
BRDA:32,0,0,0
BRDA:32,0,1,0
BRDA:67,1,0,0
BRDA:67,1,1,0
BRF:4
BRH:0
end_of_record
TN:
SF:src\components\ui\Button.jsx
FN:40,(anonymous_0)
FNF:1
FNH:1
FNDA:9,(anonymous_0)
DA:7,3
DA:40,3
DA:41,9
DA:42,9
DA:49,3
LF:5
LH:5
BRDA:40,0,0,8
BRDA:41,1,0,1
BRDA:41,1,1,8
BRF:3
BRH:3
end_of_record
TN:
SF:src\components\ui\Card.jsx
FN:5,(anonymous_0)
FN:19,(anonymous_1)
FN:30,(anonymous_2)
FN:44,(anonymous_3)
FN:55,(anonymous_4)
FN:62,(anonymous_5)
FNF:6
FNH:6
FNDA:2,(anonymous_0)
FNDA:2,(anonymous_1)
FNDA:1,(anonymous_2)
FNDA:1,(anonymous_3)
FNDA:2,(anonymous_4)
FNDA:2,(anonymous_5)
DA:4,2
DA:6,2
DA:16,2
DA:18,2
DA:20,2
DA:27,2
DA:29,2
DA:31,1
DA:41,2
DA:43,2
DA:45,1
DA:52,2
DA:54,2
DA:56,2
DA:59,2
DA:61,2
DA:63,2
DA:70,2
LF:18
LH:18
BRF:0
BRH:0
end_of_record
TN:
SF:src\components\ui\PageLayout.jsx
FN:4,(anonymous_0)
FN:10,(anonymous_1)
FNF:2
FNH:1
FNDA:1,(anonymous_0)
FNDA:0,(anonymous_1)
DA:4,1
DA:5,1
DA:11,0
LF:3
LH:2
BRDA:13,0,0,0
BRDA:13,0,1,0
BRDA:19,1,0,0
BRDA:19,1,1,0
BRF:4
BRH:0
end_of_record
TN:
SF:src\lib\utils.js
FN:4,cn
FNF:1
FNH:1
FNDA:43,cn
DA:5,43
LF:1
LH:1
BRF:0
BRH:0
end_of_record
